<?xml version="1.0" encoding="UTF-8"?>
<!-- Generated by org.testng.reporters.JUnitReportReporter -->
<testsuite skipped="0" hostname="Gurjeets-MacBook-Air.local" name="testTestNG.Class_8_Excercise" tests="3" failures="0" timestamp="2021-12-08T17:28:34 EST" time="5.220" errors="0">
  <testcase name="getUrl" time="2.237" classname="testTestNG.Class_8_Excercise"/>
  <system-out/>
  <testcase name="signinlink" time="1.905" classname="testTestNG.Class_8_Excercise"/>
  <system-out/>
  <testcase name="quit" time="1.078" classname="testTestNG.Class_8_Excercise"/>
  <system-out/>
</testsuite> <!-- testTestNG.Class_8_Excercise -->
