<?xml version="1.0" encoding="UTF-8"?>
<!-- Generated by org.testng.reporters.JUnitReportReporter -->
<testsuite skipped="1" hostname="Gurjeets-MacBook-Air.local" name="testng_Fundamentals.Enablement_Disablement" tests="3" failures="0" timestamp="2021-12-07T17:21:58 EST" time="0.004" errors="0">
  <testcase name="logic" time="0.001" classname="testng_Fundamentals.Enablement_Disablement"/>
  <system-out/>
  <testcase name="login" time="0.003" classname="testng_Fundamentals.Enablement_Disablement"/>
  <system-out/>
  <testcase name="logout" classname="testng_Fundamentals.Enablement_Disablement">
    <skipped/>
  </testcase> <!-- logout -->
  <system-out/>
</testsuite> <!-- testng_Fundamentals.Enablement_Disablement -->
