<?xml version="1.0" encoding="UTF-8"?>
<!-- Generated by org.testng.reporters.JUnitReportReporter -->
<testsuite hostname="Gurjeets-MacBook-Air.local" failures="0" tests="2" name="Program1" time="13.971" errors="0" timestamp="2021-12-04T15:36:06 EST" skipped="0">
  <testcase classname="Program1" name="signinClick" time="7.900"/>
  <system-out/>
  <testcase classname="Program1" name="loginPage" time="6.071"/>
  <system-out/>
</testsuite> <!-- Program1 -->
