<?xml version="1.0" encoding="UTF-8"?>
<!-- Generated by org.testng.reporters.JUnitReportReporter -->
<testsuite skipped="0" hostname="Gurjeets-MacBook-Air.local" name="testng_Fundamentals.AlwaysRun" tests="3" failures="0" timestamp="2021-12-06T15:46:52 EST" time="0.003" errors="0">
  <testcase name="end" time="0.001" classname="testng_Fundamentals.AlwaysRun"/>
  <system-out/>
  <testcase name="mid" time="0.001" classname="testng_Fundamentals.AlwaysRun"/>
  <system-out/>
  <testcase name="begin" time="0.001" classname="testng_Fundamentals.AlwaysRun"/>
  <system-out/>
</testsuite> <!-- testng_Fundamentals.AlwaysRun -->
