<?xml version="1.0" encoding="UTF-8"?>
<!-- Generated by org.testng.reporters.JUnitReportReporter -->
<testsuite skipped="0" hostname="Gurjeets-MacBook-Air.local" name="testng_Fundamentals.First_Program_TestNG" tests="1" failures="0" timestamp="2021-12-07T17:20:58 EST" time="0.003" errors="0">
  <testcase name="testcase" time="0.003" classname="testng_Fundamentals.First_Program_TestNG"/>
  <system-out/>
</testsuite> <!-- testng_Fundamentals.First_Program_TestNG -->
