<?xml version="1.0" encoding="UTF-8"?>
<!-- Generated by org.testng.reporters.JUnitReportReporter -->
<testsuite skipped="0" hostname="Gurjeets-MacBook-Air.local" name="testng_Fundamentals.Setting_Proiority" tests="6" failures="0" timestamp="2021-12-07T17:22:50 EST" time="0.006" errors="0">
  <testcase name="testcase6" time="0.003" classname="testng_Fundamentals.Setting_Proiority"/>
  <system-out/>
  <testcase name="testcase5" time="0.000" classname="testng_Fundamentals.Setting_Proiority"/>
  <system-out/>
  <testcase name="testcase4" time="0.000" classname="testng_Fundamentals.Setting_Proiority"/>
  <system-out/>
  <testcase name="testcase2" time="0.001" classname="testng_Fundamentals.Setting_Proiority"/>
  <system-out/>
  <testcase name="testcase1" time="0.001" classname="testng_Fundamentals.Setting_Proiority"/>
  <system-out/>
  <testcase name="testcase3" time="0.001" classname="testng_Fundamentals.Setting_Proiority"/>
  <system-out/>
</testsuite> <!-- testng_Fundamentals.Setting_Proiority -->
