<?xml version="1.0" encoding="UTF-8"?>
<!-- Generated by org.testng.reporters.JUnitReportReporter -->
<testsuite skipped="0" hostname="Gurjeets-MacBook-Air.local" name="testng_Fundamentals.Combination" tests="3" failures="0" timestamp="2021-12-06T15:46:52 EST" time="0.003" errors="0">
  <testcase name="testcase3" time="0.002" classname="testng_Fundamentals.Combination"/>
  <system-out/>
  <testcase name="testcase1" time="0.001" classname="testng_Fundamentals.Combination"/>
  <system-out/>
  <testcase name="testcase2" time="0.000" classname="testng_Fundamentals.Combination"/>
  <system-out/>
</testsuite> <!-- testng_Fundamentals.Combination -->
