<?xml version="1.0" encoding="UTF-8"?>
<!-- Generated by org.testng.reporters.JUnitReportReporter -->
<testsuite skipped="0" hostname="Gurjeets-MacBook-Air.local" name="testng_Fundamentals.Dependent_TestCases" tests="3" failures="0" timestamp="2021-12-06T15:46:52 EST" time="0.003" errors="0">
  <testcase name="logout" time="0.001" classname="testng_Fundamentals.Dependent_TestCases"/>
  <system-out/>
  <testcase name="logic" time="0.001" classname="testng_Fundamentals.Dependent_TestCases"/>
  <system-out/>
  <testcase name="login" time="0.001" classname="testng_Fundamentals.Dependent_TestCases"/>
  <system-out/>
</testsuite> <!-- testng_Fundamentals.Dependent_TestCases -->
